# gen_string(6,"a");;
- : string list = ["a"; "a"; "a"; "a"; "a"; "a"]
# gen_string(5,"u");;
- : string list = ["u"; "u"; "u"; "u"; "u"]
# gen_square(3);;
- : string list =
["u"; "u"; "u"; "r"; "r"; "r"; "d"; "d"; "d"; "l"; "l"; "l"]
# gen_square(1);;
- : string list = ["u"; "r"; "d"; "l"]
# gen_rect(2,3);;
- : string list = ["u"; "u"; "r"; "r"; "r"; "d"; "d"; "l"; "l"; "l"]
# gen_rect(1,2);;
- : string list = ["u"; "r"; "r"; "d"; "l"; "l"]
# countups(["a"],0);;
- : int = 0
# countups(["u";"u"],0);;
- : int = 2
# countups(["u";"a";"u"],0);;
- : int = 2
# consec_counts(["a";"a";"a"],0,"a");;
- : string list * int = ([], 3)
# consec_counts(["a";"a";"b"],0,"a");;
- : string list * int = (["b"], 2)
# sq(["u";"r";"d"]);;
- : bool = false
# sq(["u";"r";"d";"l"]);;
- : bool = true
# sq(["u";"r";"d";"l";"l"]);;
- : bool = true
# sq_all(["u";"r";"d";"l";"l"]);;
- : bool = true
# sq_all(["u";"r";"d";"l";"l";"d";"r"]);;
- : bool = false
# sqA(["u";"r";"d";"l";"l";"d";"r"]);;
- : bool = false
# sqA(["u";"r";"d";"l";"l"]);;
- : bool = false
# sqA(["u";"r";"d";"l"]);;
- : bool = true
# eqtriA(["u";"m30";"p240"]);;
- : bool = true
# eqtriA(["u";"m30";"p240";"p240"]);;
- : bool = false
# eqtriA(["u";"u";"m30";"m30";"p240";"p240"]);;
- : bool = true
# one_shift([1;2;3]);;
- : int list = [2; 3; 1]
# one_shift[1;2;3];;
- : int list = [2; 3; 1]
# one_shift["u";"d";"r";"l"];;
- : string list = ["d"; "r"; "l"; "u"]
# one_shift(one_shift["u";"d";"r";"l"]);;
- : string list = ["r"; "l"; "u"; "d"]
# all_shifts(["u";"r";"d";"l"]);;
- : string list list =
[["r"; "d"; "l"; "u"]; ["d"; "l"; "u"; "r"]; ["l"; "u"; "r"; "d"]]
# all_shifts(["u";"m30";"p240"]);;
- : string list list = [["m30"; "p240"; "u"]; ["p240"; "u"; "m30"]]
# all_cases(["u";"m30";"p240"]);;
- : string list list =
[["u"; "m30"; "p240"]; ["m30"; "p240"; "u"]; ["p240"; "u"; "m30"]]
# all_cases(["u";"r";"d";"l"]);;
- : string list list =
[["u"; "r"; "d"; "l"]; ["r"; "d"; "l"; "u"]; ["d"; "l"; "u"; "r"];
 ["l"; "u"; "r"; "d"]]
# try_all_sqA(["u";"r";"d";"l"]);;
- : bool = true
# try_all_sqA(["r";"d";"l";"u"]);;
- : bool = true
# try_all_sqA(["r";"d";"u";"l"]);;
- : bool = false
# try_all_eqtriA(["u";"m30";"p240"]);;
- : bool = true
# try_all_eqtriA(["m30";"p240";"u"]);;
- : bool = true
# try_all_eqtriA(["p240";"u";"m30"]);;
- : bool = true
# try_all_eqtriA(["p240";"m30";"u"]);;
- : bool = false
